<?xml version="1.0" encoding="UTF-8"?>
<testsuite xmlns:xsi="http://www.w3.org/2001/XMLSchema-instance" xsi:noNamespaceSchemaLocation="https://maven.apache.org/surefire/maven-surefire-plugin/xsd/surefire-test-report-3.0.xsd" version="3.0" name="conduitApp.conduitTest" time="3.111" tests="1" errors="0" skipped="0" failures="0">
  <properties>
[...]
</properties>
  <testcase name="testParallel" classname="conduitApp.conduitTest" time="3.1">
    <system-out><![CDATA[18:22:58.647 [main] DEBUG com.intuit.karate.Suite - [config] classpath:karate-config.js
18:22:58.651 [main] INFO  com.intuit.karate.Suite - backed up existing 'target/karate-reports' dir to: target/karate-reports_1714049578649
18:22:58.654 [main] DEBUG com.intuit.karate.Suite - waiting for 5 features to complete
18:22:59.200 [pool-2-thread-2] INFO  com.intuit.karate - karate.env system property was: null 
18:22:59.200 [pool-2-thread-3] INFO  com.intuit.karate - karate.env system property was: null 
18:22:59.200 [pool-2-thread-1] INFO  com.intuit.karate - karate.env system property was: null 
18:22:59.206 [pool-2-thread-3] INFO  com.intuit.karate - >> lock acquired, begin callSingle: classpath:helpers/CreateToken.feature
18:22:59.378 [pool-2-thread-3] DEBUG com.intuit.karate - request:
1 > POST https://conduit-api.bondaracademy.com/api/users/login
1 > Content-Type: application/json; charset=UTF-8
1 > Content-Length: 62
1 > Host: conduit-api.bondaracademy.com
1 > Connection: Keep-Alive
1 > User-Agent: Apache-HttpClient/4.5.14 (Java/17.0.9)
1 > Accept-Encoding: gzip,deflate
{"user":{"email":"test.user@gmail.com","password":"Mtech123"}}

18:22:59.969 [pool-2-thread-3] DEBUG com.intuit.karate - response time in milliseconds: 590
1 < 200
1 < x-powered-by: Express
1 < access-control-allow-origin: https://conduit.bondaracademy.com
1 < vary: Origin
1 < content-type: application/json; charset=utf-8
1 < etag: W/"12a-T9bV2qSQNFeYnFuuP12yUvGFaDk"
1 < X-Cloud-Trace-Context: 19dea528859f93f7a3ef25e2a9f2e4e0;o=1
1 < Date: Thu, 25 Apr 2024 12:52:59 GMT
1 < Server: Google Frontend
1 < Content-Length: 298
{"user":{"email":"test.user@gmail.com","username":"test.user","bio":null,"image":"https://api.realworld.io/images/smiley-cyrus.jpeg","token":"eyJhbGciOiJIUzI1NiIsInR5cCI6IkpXVCJ9.eyJ1c2VyIjp7ImlkIjoyODYwfSwiaWF0IjoxNzE0MDQ5NTc5LCJleHAiOjE3MTkyMzM1Nzl9.t5yfHNJOZr3Hyyux1CU_8J-TnvmjMnpgX5Iv5IIc50Y"}}

18:22:59.974 [pool-2-thread-3] INFO  com.intuit.karate - << lock released, cached callSingle: classpath:helpers/CreateToken.feature
18:22:59.975 [pool-2-thread-1] WARN  com.intuit.karate - this thread waited 769 milliseconds for callSingle lock: classpath:helpers/CreateToken.feature
18:22:59.976 [pool-2-thread-2] WARN  com.intuit.karate - this thread waited 770 milliseconds for callSingle lock: classpath:helpers/CreateToken.feature
18:22:59.983 [pool-2-thread-1] DEBUG com.intuit.karate - request:
1 > GET https://conduit-api.bondaracademy.com/api/tags
1 > Authorization: Token eyJhbGciOiJIUzI1NiIsInR5cCI6IkpXVCJ9.eyJ1c2VyIjp7ImlkIjoyODYwfSwiaWF0IjoxNzE0MDQ5NTc5LCJleHAiOjE3MTkyMzM1Nzl9.t5yfHNJOZr3Hyyux1CU_8J-TnvmjMnpgX5Iv5IIc50Y
1 > Host: conduit-api.bondaracademy.com
1 > Connection: Keep-Alive
1 > User-Agent: Apache-HttpClient/4.5.14 (Java/17.0.9)
1 > Accept-Encoding: gzip,deflate


18:22:59.984 [pool-2-thread-2] DEBUG com.intuit.karate - request:
1 > GET https://conduit-api.bondaracademy.com/api/articles?offset=0&limit=10
1 > Authorization: Token eyJhbGciOiJIUzI1NiIsInR5cCI6IkpXVCJ9.eyJ1c2VyIjp7ImlkIjoyODYwfSwiaWF0IjoxNzE0MDQ5NTc5LCJleHAiOjE3MTkyMzM1Nzl9.t5yfHNJOZr3Hyyux1CU_8J-TnvmjMnpgX5Iv5IIc50Y
1 > Host: conduit-api.bondaracademy.com
1 > Connection: Keep-Alive
1 > User-Agent: Apache-HttpClient/4.5.14 (Java/17.0.9)
1 > Accept-Encoding: gzip,deflate


18:23:00.108 [pool-2-thread-3] DEBUG com.intuit.karate - request:
1 > POST https://conduit-api.bondaracademy.com/api/users
1 > Authorization: Token eyJhbGciOiJIUzI1NiIsInR5cCI6IkpXVCJ9.eyJ1c2VyIjp7ImlkIjoyODYwfSwiaWF0IjoxNzE0MDQ5NTc5LCJleHAiOjE3MTkyMzM1Nzl9.t5yfHNJOZr3Hyyux1CU_8J-TnvmjMnpgX5Iv5IIc50Y
1 > Content-Type: application/json; charset=UTF-8
1 > Content-Length: 87
1 > Host: conduit-api.bondaracademy.com
1 > Connection: Keep-Alive
1 > User-Agent: Apache-HttpClient/4.5.14 (Java/17.0.9)
1 > Accept-Encoding: gzip,deflate
{"user":{"email":"leland29@test.com","password":"Mtech123","username":"jenice.larson"}}

18:23:00.434 [pool-2-thread-1] DEBUG com.intuit.karate - response time in milliseconds: 450
1 < 200
1 < x-powered-by: Express
1 < access-control-allow-origin: https://conduit.bondaracademy.com
1 < vary: Origin
1 < content-type: application/json; charset=utf-8
1 < etag: W/"6c-VdydXr+1VHU+fgvXc60xpjMCY8s"
1 < X-Cloud-Trace-Context: 54022da99f897a99fbb0bf925d9e589d
1 < Date: Thu, 25 Apr 2024 12:53:00 GMT
1 < Server: Google Frontend
1 < Content-Length: 108
{"tags":["Test","Git","Zoom","Coding","post_karate","newkarate","YouTube","Bondar Academy","Exam","GitHub"]}

18:23:00.499 [pool-2-thread-2] DEBUG com.intuit.karate - response time in milliseconds: 515
1 < 200
1 < x-powered-by: Express
1 < access-control-allow-origin: https://conduit.bondaracademy.com
1 < vary: Origin
1 < content-type: application/json; charset=utf-8
1 < etag: W/"202e-osasBPQ6PM/4zFcZSSxR+2dZZrU"
1 < X-Cloud-Trace-Context: d8ba37beef4e7582836a51248fb001f0
1 < Date: Thu, 25 Apr 2024 12:53:00 GMT
1 < Server: Google Frontend
1 < Content-Length: 8238
{"articles":[{"slug":"bla-bla1-2860","title":"bla bla1","description":"test_karate","body":"test","tagList":["newkarate"],"createdAt":"2024-04-25T09:27:09.693Z","updatedAt":"2024-04-25T09:27:09.693Z","favorited":false,"favoritesCount":0,"author":{"username":"test.user","bio":null,"image":"https://api.realworld.io/images/smiley-cyrus.jpeg","following":false}},{"slug":"bla-bla-2860","title":"bla bla","description":"test_karate","body":"test","tagList":["newkarate"],"createdAt":"2024-04-25T05:38:37.498Z","updatedAt":"2024-04-25T05:38:37.498Z","favorited":false,"favoritesCount":0,"author":{"username":"test.user","bio":null,"image":"https://api.realworld.io/images/smiley-cyrus.jpeg","following":false}},{"slug":"bla-bla-article-2860","title":"bla bla article","description":"test_karate","body":"test karate","tagList":["post_karate"],"createdAt":"2024-04-25T05:03:31.046Z","updatedAt":"2024-04-25T05:03:31.046Z","favorited":false,"favoritesCount":0,"author":{"username":"test.user","bio":null,"image":"https://api.realworld.io/images/smiley-cyrus.jpeg","following":false}},{"slug":"test_hello_Karate222333-2860","title":"test_hello_Karate222333","description":"test_karate","body":"test karate post request","tagList":["post_karate"],"createdAt":"2024-04-24T11:30:27.223Z","updatedAt":"2024-04-24T11:30:27.223Z","favorited":false,"favoritesCount":0,"author":{"username":"test.user","bio":null,"image":"https://api.realworld.io/images/smiley-cyrus.jpeg","following":false}},{"slug":"test_h_Karate34-2860","title":"test_h_Karate34","description":"test_karate","body":"test karate post request","tagList":["post_karate"],"createdAt":"2024-04-24T11:30:27.075Z","updatedAt":"2024-04-24T11:30:27.075Z","favorited":false,"favoritesCount":0,"author":{"username":"test.user","bio":null,"image":"https://api.realworld.io/images/smiley-cyrus.jpeg","following":false}},{"slug":"test__Karate43-2860","title":"test__Karate43","description":"test_karate","body":"test karate post request","tagList":["post_karate"],"createdAt":"2024-04-24T11:30:26.048Z","updatedAt":"2024-04-24T11:30:26.048Z","favorited":false,"favoritesCount":0,"author":{"username":"test.user","bio":null,"image":"https://api.realworld.io/images/smiley-cyrus.jpeg","following":false}},{"slug":"test_karate-2860","title":"test_karate","description":"test_karate","body":"test karate post request","tagList":["post_karate"],"createdAt":"2024-04-22T10:00:30.721Z","updatedAt":"2024-04-22T10:00:30.721Z","favorited":false,"favoritesCount":0,"author":{"username":"test.user","bio":null,"image":"https://api.realworld.io/images/smiley-cyrus.jpeg","following":false}},{"slug":"Discover-Bondar-Academy:-Your-Gateway-to-Efficient-Learning-1","title":"Discover Bondar Academy: Your Gateway to Efficient Learning","description":"Discover Bondar Academy's unique place in the educational landscape, where value-focused and efficient learning approaches converge. Our goal is to rapidly enhance your professional technical skills, boosting your market competitiveness and paving the way for higher-paying job opportunities. The speed of your progress is in your hands – you set the pace, and we provide the solutions and support to help you achieve your desired outcomes.","body":"Bondar Academy is a leading platform for efficient education, designed to boost your technical skills and advance your career in Quality Assurance (QA). Our program features a balanced mix of pre-recorded lectures and live sessions, allowing each student to study at their own pace and at a time that suits them. \n\nOur instructors are readily available on our Slack Workspace for support. Whether it's a quick question or a more complex issue requiring a Zoom call or Slack Huddle for screen sharing and live discussion, we're here to assist. Additionally, each class comes with a comprehensive question bank for self-assessment. Following each lecture, you have the opportunity to validate your understanding and readiness to progress to the next topic. You set the pace, and we provide the solutions to ensure you achieve your desired outcomes.\n\nSignUp today: https://www.bondaracademy.com","tagList":["qa career","Bondar Academy","QA Skills","Value-Focused"],"createdAt":"2024-01-27T21:52:32.682Z","updatedAt":"2024-01-27T21:52:32.682Z","favorited":false,"favoritesCount":107,"author":{"username":"Artem Bondar","bio":null,"image":"https://storage.googleapis.com/bondar-academy-visuals/Android.png","following":false}},{"slug":"The-value-of-pre-recorded-video-classes.-The-most-efficient-approach-to-tranfer-the-knowledge-1","title":"The value of pre-recorded video classes. The most efficient approach to tranfer the knowledge","description":"As educational practices evolve, video tutorials have emerged as the most efficient method for imparting theoretical knowledge. At Bondar Academy, we prioritize expertly structured and crafted video tutorials, ensuring you learn quickly and effectively and advance your skills.","body":"At Bondar Academy, we prioritize the value of your time and the efficiency of your education, distinguishing our approach from traditional colleges and live boot camps. Forget long, tedious live lectures on a fixed schedule. With us, you learn at your convenience and pace through optimized, structured video lectures. \n\nWe understand your goal is rapid knowledge acquisition. Our pre-recorded and well-organized lectures are designed precisely for this, ensuring no slowdowns from group dynamics or unrelated instructor anecdotes. \n\nDive straight into the subject matter, learn efficiently, and if questions arise, our immediate support on the Slack Workspace is there to streamline your learning process and swiftly remove any roadblocks.","tagList":["Bondar Academy","Video Lectures","Tutorials"],"createdAt":"2024-01-27T21:50:38.825Z","updatedAt":"2024-01-27T21:50:38.825Z","favorited":false,"favoritesCount":59,"author":{"username":"Artem Bondar","bio":null,"image":"https://storage.googleapis.com/bondar-academy-visuals/Android.png","following":false}},{"slug":"Mastering-Knowledge-with-Self-Assessments:-Identifying-and-Bridging-Learning-Gaps-in-Education-1","title":"Mastering Knowledge with Self-Assessments: Identifying and Bridging Learning Gaps in Education","description":"Self-assessment is an essential tool for gauging your understanding of lecture material. It answers critical questions: Have you grasped everything correctly? Is there anything you've missed? Are you prepared for the next lesson? These assessments ensure that you build a solid foundation of knowledge, confidently and efficiently paving the way for swift progress and effective learning outcomes.","body":"Traditional educational institutions, such as colleges and universities, commonly use tests and assessments to measure knowledge. This approach is effective for gauging student performance, but it's not without drawbacks. In these settings, assessments after every lecture aren't feasible due to the time required for teachers to evaluate them. This often leads to students having a false sense of understanding, believing they've comprehended all aspects of a lecture when, in reality, small but crucial details might be missed. These 'knowledge gaps' can accumulate, making more complex topics difficult to grasp later on.\n\nAt Bondar Academy, we address this challenge by implementing self-assessments after every lecture. These are designed to cover key questions that ensure a thorough understanding of the material, essential for comfort and success in future lectures. The number of questions varies, ranging from 3-4 to 15-20, depending on the lecture's significance and the volume of critical information. With these self-assessments, students receive immediate feedback, helping them determine if they've fully understood the lecture or if they need to revisit certain parts or seek assistance from our instructors in the Slack Workspace.","tagList":["Self-Assessment","Test","Exam"],"createdAt":"2024-01-27T21:48:36.340Z","updatedAt":"2024-01-27T21:48:36.340Z","favorited":false,"favoritesCount":11,"author":{"username":"Artem Bondar","bio":null,"image":"https://storage.googleapis.com/bondar-academy-visuals/Android.png","following":false}}],"articlesCount":17}

18:23:00.634 [pool-2-thread-3] DEBUG com.intuit.karate - response time in milliseconds: 524
1 < 201
1 < x-powered-by: Express
1 < access-control-allow-origin: https://conduit.bondaracademy.com
1 < vary: Origin
1 < content-type: application/json; charset=utf-8
1 < etag: W/"136-IQ4iZjY0pEQG8XV2+EtGGD0qTq4"
1 < X-Cloud-Trace-Context: 0cfdc27114747db304b0013f8cc79ddc
1 < Date: Thu, 25 Apr 2024 12:53:00 GMT
1 < Server: Google Frontend
1 < Content-Length: 310
{"user":{"id":3129,"email":"leland29@test.com","username":"jenice.larson","bio":null,"image":"https://api.realworld.io/images/smiley-cyrus.jpeg","token":"eyJhbGciOiJIUzI1NiIsInR5cCI6IkpXVCJ9.eyJ1c2VyIjp7ImlkIjozMTI5fSwiaWF0IjoxNzE0MDQ5NTgwLCJleHAiOjE3MTkyMzM1ODB9.cxjt14QjsCy0XB_gKqSFmdQ-rQdhPVF-YAS5muQz1sM"}}

---------------------------------------------------------
feature: classpath:conduitApp/feature/HomePage.feature
scenarios:  2 | passed:  2 | failed:  0 | time: 1.0405
---------------------------------------------------------

18:23:00.932 [pool-3-thread-1] INFO  com.intuit.karate.Suite - <<pass>> feature 2 of 5 (3 remaining) classpath:conduitApp/feature/HomePage.feature
---------------------------------------------------------
feature: classpath:conduitApp/feature/SignUp.feature
scenarios:  1 | passed:  1 | failed:  0 | time: 0.6586
---------------------------------------------------------

18:23:01.028 [pool-3-thread-1] INFO  com.intuit.karate.Suite - <<pass>> feature 5 of 5 (0 remaining) classpath:conduitApp/feature/SignUp.feature
Karate version: 1.4.1
======================================================
elapsed:   2.78 | threads:    5 | thread time: 1.70 
features:     2 | skipped:    3 | efficiency: 0.12
scenarios:    3 | passed:     3 | failed: 0
======================================================

HTML report: (paste into browser to view) | Karate version: 1.4.1
file:///home/milind/Karate_git/karateAdvance/target/karate-reports/karate-summary.html
===================================================================

]]></system-out>
  </testcase>
</testsuite>